{"C:\\Users\\alano\\OneDrive\\Desktop\\git\\GitHub_WF_Automated_Testing\\simpleTesting\\math.js": {"path":"C:\\Users\\alano\\OneDrive\\Desktop\\git\\GitHub_WF_Automated_Testing\\simpleTesting\\math.js","statementMap":{"0":{"start":{"line":3,"column":2},"end":{"line":3,"column":15}},"1":{"start":{"line":7,"column":2},"end":{"line":7,"column":15}},"2":{"start":{"line":11,"column":2},"end":{"line":11,"column":15}},"3":{"start":{"line":15,"column":2},"end":{"line":17,"column":3}},"4":{"start":{"line":16,"column":4},"end":{"line":16,"column":45}},"5":{"start":{"line":18,"column":2},"end":{"line":18,"column":15}},"6":{"start":{"line":21,"column":0},"end":{"line":21,"column":53}}},"fnMap":{"0":{"name":"add","decl":{"start":{"line":2,"column":9},"end":{"line":2,"column":12}},"loc":{"start":{"line":2,"column":19},"end":{"line":4,"column":1}},"line":2},"1":{"name":"subtract","decl":{"start":{"line":6,"column":9},"end":{"line":6,"column":17}},"loc":{"start":{"line":6,"column":24},"end":{"line":8,"column":1}},"line":6},"2":{"name":"multiply","decl":{"start":{"line":10,"column":9},"end":{"line":10,"column":17}},"loc":{"start":{"line":10,"column":24},"end":{"line":12,"column":1}},"line":10},"3":{"name":"divide","decl":{"start":{"line":14,"column":9},"end":{"line":14,"column":15}},"loc":{"start":{"line":14,"column":22},"end":{"line":19,"column":1}},"line":14}},"branchMap":{"0":{"loc":{"start":{"line":15,"column":2},"end":{"line":17,"column":3}},"type":"if","locations":[{"start":{"line":15,"column":2},"end":{"line":17,"column":3}},{"start":{},"end":{}}],"line":15}},"s":{"0":1,"1":1,"2":1,"3":2,"4":1,"5":1,"6":1},"f":{"0":1,"1":1,"2":1,"3":2},"b":{"0":[1,1]},"_coverageSchema":"1a1c01bbd47fc00a2c39e90264f33305004495a9","hash":"0bca8eb29e07122ebe868176676f72db56d97656"}
,"C:\\Users\\alano\\OneDrive\\Desktop\\git\\GitHub_WF_Automated_Testing\\src\\App.jsx": {"path":"C:\\Users\\alano\\OneDrive\\Desktop\\git\\GitHub_WF_Automated_Testing\\src\\App.jsx","statementMap":{"0":{"start":{"line":9,"column":2},"end":{"line":20,"column":4}}},"fnMap":{"0":{"name":"App","decl":{"start":{"line":8,"column":9},"end":{"line":8,"column":12}},"loc":{"start":{"line":8,"column":15},"end":{"line":21,"column":1}},"line":8}},"branchMap":{},"s":{"0":5},"f":{"0":5},"b":{},"_coverageSchema":"1a1c01bbd47fc00a2c39e90264f33305004495a9","hash":"67c8ea934a08f63e147c869d09fe1e74a72eebdb"}
,"C:\\Users\\alano\\OneDrive\\Desktop\\git\\GitHub_WF_Automated_Testing\\src\\data.js": {"path":"C:\\Users\\alano\\OneDrive\\Desktop\\git\\GitHub_WF_Automated_Testing\\src\\data.js","statementMap":{"0":{"start":{"line":6,"column":29},"end":{"line":31,"column":1}},"1":{"start":{"line":33,"column":24},"end":{"line":82,"column":1}}},"fnMap":{},"branchMap":{},"s":{"0":1,"1":1},"f":{},"b":{},"_coverageSchema":"1a1c01bbd47fc00a2c39e90264f33305004495a9","hash":"c83e9795b44d75dd024fb358625afa38971177a1"}
,"C:\\Users\\alano\\OneDrive\\Desktop\\git\\GitHub_WF_Automated_Testing\\src\\components\\Section\\Section.jsx": {"path":"C:\\Users\\alano\\OneDrive\\Desktop\\git\\GitHub_WF_Automated_Testing\\src\\components\\Section\\Section.jsx","statementMap":{"0":{"start":{"line":3,"column":16},"end":{"line":10,"column":1}},"1":{"start":{"line":4,"column":2},"end":{"line":9,"column":4}}},"fnMap":{"0":{"name":"(anonymous_0)","decl":{"start":{"line":3,"column":16},"end":{"line":3,"column":17}},"loc":{"start":{"line":3,"column":51},"end":{"line":10,"column":1}},"line":3}},"branchMap":{},"s":{"0":1,"1":10},"f":{"0":10},"b":{},"_coverageSchema":"1a1c01bbd47fc00a2c39e90264f33305004495a9","hash":"06cbc428d4aa924043502b75e8547c37bed6e56c"}
,"C:\\Users\\alano\\OneDrive\\Desktop\\git\\GitHub_WF_Automated_Testing\\src\\components\\Tabs\\Tabs.jsx": {"path":"C:\\Users\\alano\\OneDrive\\Desktop\\git\\GitHub_WF_Automated_Testing\\src\\components\\Tabs\\Tabs.jsx","statementMap":{"0":{"start":{"line":3,"column":13},"end":{"line":14,"column":1}},"1":{"start":{"line":4,"column":2},"end":{"line":13,"column":4}},"2":{"start":{"line":8,"column":24},"end":{"line":8,"column":34}}},"fnMap":{"0":{"name":"(anonymous_0)","decl":{"start":{"line":3,"column":13},"end":{"line":3,"column":14}},"loc":{"start":{"line":3,"column":52},"end":{"line":14,"column":1}},"line":3},"1":{"name":"(anonymous_1)","decl":{"start":{"line":8,"column":17},"end":{"line":8,"column":18}},"loc":{"start":{"line":8,"column":24},"end":{"line":8,"column":34}},"line":8}},"branchMap":{"0":{"loc":{"start":{"line":7,"column":19},"end":{"line":7,"column":45}},"type":"cond-expr","locations":[{"start":{"line":7,"column":32},"end":{"line":7,"column":40}},{"start":{"line":7,"column":43},"end":{"line":7,"column":45}}],"line":7}},"s":{"0":1,"1":20,"2":0},"f":{"0":20,"1":0},"b":{"0":[0,20]},"_coverageSchema":"1a1c01bbd47fc00a2c39e90264f33305004495a9","hash":"9d1f06a616f878997bfd02bed7e071a2aec0ea27"}
,"C:\\Users\\alano\\OneDrive\\Desktop\\git\\GitHub_WF_Automated_Testing\\src\\components\\TabsWrapper\\TabsWrapper.jsx": {"path":"C:\\Users\\alano\\OneDrive\\Desktop\\git\\GitHub_WF_Automated_Testing\\src\\components\\TabsWrapper\\TabsWrapper.jsx","statementMap":{"0":{"start":{"line":3,"column":20},"end":{"line":13,"column":1}},"1":{"start":{"line":7,"column":2},"end":{"line":12,"column":4}}},"fnMap":{"0":{"name":"(anonymous_0)","decl":{"start":{"line":3,"column":20},"end":{"line":3,"column":21}},"loc":{"start":{"line":3,"column":69},"end":{"line":13,"column":1}},"line":3}},"branchMap":{"0":{"loc":{"start":{"line":3,"column":40},"end":{"line":3,"column":62}},"type":"default-arg","locations":[{"start":{"line":3,"column":56},"end":{"line":3,"column":62}}],"line":3}},"s":{"0":1,"1":5},"f":{"0":5},"b":{"0":[0]},"_coverageSchema":"1a1c01bbd47fc00a2c39e90264f33305004495a9","hash":"f75b2d6f4a7cf26c4241078c57ddec8fe11f0eba"}
,"C:\\Users\\alano\\OneDrive\\Desktop\\git\\GitHub_WF_Automated_Testing\\src\\components\\card\\Card.jsx": {"path":"C:\\Users\\alano\\OneDrive\\Desktop\\git\\GitHub_WF_Automated_Testing\\src\\components\\card\\Card.jsx","statementMap":{"0":{"start":{"line":3,"column":13},"end":{"line":11,"column":1}},"1":{"start":{"line":4,"column":2},"end":{"line":10,"column":4}}},"fnMap":{"0":{"name":"(anonymous_0)","decl":{"start":{"line":3,"column":13},"end":{"line":3,"column":14}},"loc":{"start":{"line":3,"column":48},"end":{"line":11,"column":1}},"line":3}},"branchMap":{},"s":{"0":1,"1":20},"f":{"0":20},"b":{},"_coverageSchema":"1a1c01bbd47fc00a2c39e90264f33305004495a9","hash":"fe18842657e1be4575cec99f06b528b11d9a89e7"}
,"C:\\Users\\alano\\OneDrive\\Desktop\\git\\GitHub_WF_Automated_Testing\\src\\components\\coreConcepts\\CoreConcepts.jsx": {"path":"C:\\Users\\alano\\OneDrive\\Desktop\\git\\GitHub_WF_Automated_Testing\\src\\components\\coreConcepts\\CoreConcepts.jsx","statementMap":{"0":{"start":{"line":6,"column":21},"end":{"line":16,"column":1}},"1":{"start":{"line":7,"column":2},"end":{"line":15,"column":4}},"2":{"start":{"line":11,"column":10},"end":{"line":11,"column":39}}},"fnMap":{"0":{"name":"(anonymous_0)","decl":{"start":{"line":6,"column":21},"end":{"line":6,"column":22}},"loc":{"start":{"line":6,"column":27},"end":{"line":16,"column":1}},"line":6},"1":{"name":"(anonymous_1)","decl":{"start":{"line":10,"column":27},"end":{"line":10,"column":28}},"loc":{"start":{"line":11,"column":10},"end":{"line":11,"column":39}},"line":11}},"branchMap":{},"s":{"0":1,"1":5,"2":20},"f":{"0":5,"1":20},"b":{},"_coverageSchema":"1a1c01bbd47fc00a2c39e90264f33305004495a9","hash":"46df82b5531fdc8d1b594abcbdbfa9691d5f4ad8"}
,"C:\\Users\\alano\\OneDrive\\Desktop\\git\\GitHub_WF_Automated_Testing\\src\\components\\examples\\Examples.jsx": {"path":"C:\\Users\\alano\\OneDrive\\Desktop\\git\\GitHub_WF_Automated_Testing\\src\\components\\examples\\Examples.jsx","statementMap":{"0":{"start":{"line":8,"column":17},"end":{"line":53,"column":1}},"1":{"start":{"line":9,"column":32},"end":{"line":9,"column":42}},"2":{"start":{"line":11,"column":24},"end":{"line":14,"column":3}},"3":{"start":{"line":12,"column":18},"end":{"line":12,"column":50}},"4":{"start":{"line":13,"column":4},"end":{"line":13,"column":22}},"5":{"start":{"line":16,"column":2},"end":{"line":52,"column":4}}},"fnMap":{"0":{"name":"(anonymous_0)","decl":{"start":{"line":8,"column":17},"end":{"line":8,"column":18}},"loc":{"start":{"line":8,"column":23},"end":{"line":53,"column":1}},"line":8},"1":{"name":"(anonymous_1)","decl":{"start":{"line":11,"column":24},"end":{"line":11,"column":25}},"loc":{"start":{"line":11,"column":31},"end":{"line":14,"column":3}},"line":11}},"branchMap":{"0":{"loc":{"start":{"line":38,"column":11},"end":{"line":48,"column":11}},"type":"cond-expr","locations":[{"start":{"line":39,"column":12},"end":{"line":45,"column":15}},{"start":{"line":47,"column":12},"end":{"line":47,"column":34}}],"line":38}},"s":{"0":1,"1":5,"2":5,"3":0,"4":0,"5":5},"f":{"0":5,"1":0},"b":{"0":[0,5]},"_coverageSchema":"1a1c01bbd47fc00a2c39e90264f33305004495a9","hash":"04df1b70b6ea5491a4f94d5be85f6c8c6ad7f196"}
,"C:\\Users\\alano\\OneDrive\\Desktop\\git\\GitHub_WF_Automated_Testing\\src\\components\\header\\Header.jsx": {"path":"C:\\Users\\alano\\OneDrive\\Desktop\\git\\GitHub_WF_Automated_Testing\\src\\components\\header\\Header.jsx","statementMap":{"0":{"start":{"line":4,"column":2},"end":{"line":4,"column":37}}},"fnMap":{"0":{"name":"Header","decl":{"start":{"line":3,"column":9},"end":{"line":3,"column":15}},"loc":{"start":{"line":3,"column":30},"end":{"line":5,"column":1}},"line":3}},"branchMap":{},"s":{"0":5},"f":{"0":5},"b":{},"_coverageSchema":"1a1c01bbd47fc00a2c39e90264f33305004495a9","hash":"d2143bebed22d1fdb66868a39bcd295dfad8e7cc"}
,"C:\\Users\\alano\\OneDrive\\Desktop\\git\\GitHub_WF_Automated_Testing\\src\\components\\main\\Main.jsx": {"path":"C:\\Users\\alano\\OneDrive\\Desktop\\git\\GitHub_WF_Automated_Testing\\src\\components\\main\\Main.jsx","statementMap":{"0":{"start":{"line":3,"column":13},"end":{"line":5,"column":1}},"1":{"start":{"line":4,"column":2},"end":{"line":4,"column":33}}},"fnMap":{"0":{"name":"(anonymous_0)","decl":{"start":{"line":3,"column":13},"end":{"line":3,"column":14}},"loc":{"start":{"line":3,"column":31},"end":{"line":5,"column":1}},"line":3}},"branchMap":{},"s":{"0":1,"1":5},"f":{"0":5},"b":{},"_coverageSchema":"1a1c01bbd47fc00a2c39e90264f33305004495a9","hash":"1fe4db2301e85210ed3572bbc2b4160490724db1"}
,"C:\\Users\\alano\\OneDrive\\Desktop\\git\\GitHub_WF_Automated_Testing\\src\\components\\paragraph\\Paragraph.jsx": {"path":"C:\\Users\\alano\\OneDrive\\Desktop\\git\\GitHub_WF_Automated_Testing\\src\\components\\paragraph\\Paragraph.jsx","statementMap":{"0":{"start":{"line":3,"column":18},"end":{"line":16,"column":1}},"1":{"start":{"line":4,"column":24},"end":{"line":6,"column":8}},"2":{"start":{"line":5,"column":4},"end":{"line":5,"column":49}},"3":{"start":{"line":8,"column":20},"end":{"line":8,"column":69}},"4":{"start":{"line":10,"column":2},"end":{"line":15,"column":4}}},"fnMap":{"0":{"name":"(anonymous_0)","decl":{"start":{"line":3,"column":18},"end":{"line":3,"column":19}},"loc":{"start":{"line":3,"column":24},"end":{"line":16,"column":1}},"line":3},"1":{"name":"(anonymous_1)","decl":{"start":{"line":4,"column":36},"end":{"line":4,"column":37}},"loc":{"start":{"line":4,"column":45},"end":{"line":6,"column":3}},"line":4}},"branchMap":{},"s":{"0":1,"1":5,"2":5,"3":5,"4":5},"f":{"0":5,"1":5},"b":{},"_coverageSchema":"1a1c01bbd47fc00a2c39e90264f33305004495a9","hash":"ac739ede022d3b84444c0bb3d385520c0d5b4de1"}
}
