TN:
SF:simpleTesting\math.js
FN:2,add
FN:6,subtract
FN:10,multiply
FN:14,divide
FNF:4
FNH:4
FNDA:1,add
FNDA:1,subtract
FNDA:1,multiply
FNDA:2,divide
DA:3,1
DA:7,1
DA:11,1
DA:15,2
DA:16,1
DA:18,1
DA:21,1
LF:7
LH:7
BRDA:15,0,0,1
BRDA:15,0,1,1
BRF:2
BRH:2
end_of_record
TN:
SF:src\App.jsx
FN:8,App
FNF:1
FNH:1
FNDA:5,App
DA:9,5
LF:1
LH:1
BRF:0
BRH:0
end_of_record
TN:
SF:src\data.js
FNF:0
FNH:0
DA:6,1
DA:33,1
LF:2
LH:2
BRF:0
BRH:0
end_of_record
TN:
SF:src\components\Section\Section.jsx
FN:3,(anonymous_0)
FNF:1
FNH:1
FNDA:10,(anonymous_0)
DA:3,1
DA:4,10
LF:2
LH:2
BRF:0
BRH:0
end_of_record
TN:
SF:src\components\Tabs\Tabs.jsx
FN:3,(anonymous_0)
FN:8,(anonymous_1)
FNF:2
FNH:1
FNDA:20,(anonymous_0)
FNDA:0,(anonymous_1)
DA:3,1
DA:4,20
DA:8,0
LF:3
LH:2
BRDA:7,0,0,0
BRDA:7,0,1,20
BRF:2
BRH:1
end_of_record
TN:
SF:src\components\TabsWrapper\TabsWrapper.jsx
FN:3,(anonymous_0)
FNF:1
FNH:1
FNDA:5,(anonymous_0)
DA:3,1
DA:7,5
LF:2
LH:2
BRDA:3,0,0,0
BRF:1
BRH:0
end_of_record
TN:
SF:src\components\card\Card.jsx
FN:3,(anonymous_0)
FNF:1
FNH:1
FNDA:20,(anonymous_0)
DA:3,1
DA:4,20
LF:2
LH:2
BRF:0
BRH:0
end_of_record
TN:
SF:src\components\coreConcepts\CoreConcepts.jsx
FN:6,(anonymous_0)
FN:10,(anonymous_1)
FNF:2
FNH:2
FNDA:5,(anonymous_0)
FNDA:20,(anonymous_1)
DA:6,1
DA:7,5
DA:11,20
LF:3
LH:3
BRF:0
BRH:0
end_of_record
TN:
SF:src\components\examples\Examples.jsx
FN:8,(anonymous_0)
FN:11,(anonymous_1)
FNF:2
FNH:1
FNDA:5,(anonymous_0)
FNDA:0,(anonymous_1)
DA:8,1
DA:9,5
DA:11,5
DA:12,0
DA:13,0
DA:16,5
LF:6
LH:4
BRDA:38,0,0,0
BRDA:38,0,1,5
BRF:2
BRH:1
end_of_record
TN:
SF:src\components\header\Header.jsx
FN:3,Header
FNF:1
FNH:1
FNDA:5,Header
DA:4,5
LF:1
LH:1
BRF:0
BRH:0
end_of_record
TN:
SF:src\components\main\Main.jsx
FN:3,(anonymous_0)
FNF:1
FNH:1
FNDA:5,(anonymous_0)
DA:3,1
DA:4,5
LF:2
LH:2
BRF:0
BRH:0
end_of_record
TN:
SF:src\components\paragraph\Paragraph.jsx
FN:3,(anonymous_0)
FN:4,(anonymous_1)
FNF:2
FNH:2
FNDA:5,(anonymous_0)
FNDA:5,(anonymous_1)
DA:3,1
DA:4,5
DA:5,5
DA:8,5
DA:10,5
LF:5
LH:5
BRF:0
BRH:0
end_of_record
